SF:/workspace/packages/rust/sererr-flate/src/lib.rs
FN:57,_RNvMCsa3H79W1CfkB_12sererr_flateINtB2_19EmbedSourceProviderNtCseSnfnszg98d_10embed_test10TestSourceE3newBX_
FN:69,_RNvXs0_Csa3H79W1CfkB_12sererr_flateINtB5_19EmbedSourceProviderNtCseSnfnszg98d_10embed_test10TestSourceENtCsccjDwbQnrM8_6sererr14SourceProvider10get_sourceB10_
FN:57,_RNvMCs3pfKHQFRRL9_12sererr_flateINtB2_19EmbedSourceProviderpE3newB2_
FN:69,_RNvXINICs3pfKHQFRRL9_12sererr_flates0_0pEINtB5_19EmbedSourceProviderpENtCsccjDwbQnrM8_6sererr14SourceProvider10get_sourceB5_
FN:63,_RNvXINICs3pfKHQFRRL9_12sererr_flates_0pEINtB5_19EmbedSourceProviderpENtNtCsgEmfK2I1SDS_4core7default7Default7defaultB5_
FNDA:3,_RNvMCsa3H79W1CfkB_12sererr_flateINtB2_19EmbedSourceProviderNtCseSnfnszg98d_10embed_test10TestSourceE3newBX_
FNDA:3,_RNvXs0_Csa3H79W1CfkB_12sererr_flateINtB5_19EmbedSourceProviderNtCseSnfnszg98d_10embed_test10TestSourceENtCsccjDwbQnrM8_6sererr14SourceProvider10get_sourceB10_
FNDA:0,_RNvMCs3pfKHQFRRL9_12sererr_flateINtB2_19EmbedSourceProviderpE3newB2_
FNDA:0,_RNvXINICs3pfKHQFRRL9_12sererr_flates0_0pEINtB5_19EmbedSourceProviderpENtCsccjDwbQnrM8_6sererr14SourceProvider10get_sourceB5_
FNDA:0,_RNvXINICs3pfKHQFRRL9_12sererr_flates_0pEINtB5_19EmbedSourceProviderpENtNtCsgEmfK2I1SDS_4core7default7Default7defaultB5_
FNF:3
FNH:2
DA:57,3
DA:58,3
DA:59,3
DA:63,0
DA:64,0
DA:65,0
DA:69,3
DA:70,3
DA:73,2
DA:74,3
BRF:0
BRH:0
LF:10
LH:7
end_of_record
SF:/workspace/packages/rust/sererr-proto/src/lib.rs
FN:140,_RNvXs2_CsasEfp1hJOuw_12sererr_protoNtCsccjDwbQnrM8_6sererr10StackFrameINtNtCsgEmfK2I1SDS_4core7convert4FromNtNtNtNtB5_3gen6sererr2v110StackFrameE4from
FN:158,_RNvXs3_CsasEfp1hJOuw_12sererr_protoNtCsccjDwbQnrM8_6sererr18ExceptionMechanismINtNtCsgEmfK2I1SDS_4core7convert4FromNtNtNtNtB5_3gen6sererr2v118ExceptionMechanismE4from
FN:175,_RNvXs4_CsasEfp1hJOuw_12sererr_protoNtCsccjDwbQnrM8_6sererr13CapturedErrorINtNtCsgEmfK2I1SDS_4core7convert4FromNtNtNtNtB5_3gen6sererr2v113CapturedErrorE4from
FN:188,_RNvXs5_CsasEfp1hJOuw_12sererr_protoNtCsccjDwbQnrM8_6sererr9DebugInfoINtNtCsgEmfK2I1SDS_4core7convert4FromNtNtNtNtB5_3gen6google3rpc9DebugInfoE4from
FN:81,_RNvXCsasEfp1hJOuw_12sererr_protoNtNtNtNtB2_3gen6sererr2v110StackFrameINtNtCsgEmfK2I1SDS_4core7convert4FromNtCsccjDwbQnrM8_6sererr10StackFrameE4from
FN:116,_RNvXs0_CsasEfp1hJOuw_12sererr_protoNtNtNtNtB5_3gen6sererr2v113CapturedErrorINtNtCsgEmfK2I1SDS_4core7convert4FromNtCsccjDwbQnrM8_6sererr13CapturedErrorE4from
FN:99,_RNvXs_CsasEfp1hJOuw_12sererr_protoNtNtNtNtB4_3gen6sererr2v118ExceptionMechanismINtNtCsgEmfK2I1SDS_4core7convert4FromNtCsccjDwbQnrM8_6sererr18ExceptionMechanismE4from
FN:129,_RNvXs1_CsasEfp1hJOuw_12sererr_protoNtNtNtNtB5_3gen6google3rpc9DebugInfoINtNtCsgEmfK2I1SDS_4core7convert4FromNtCsccjDwbQnrM8_6sererr9DebugInfoE4from
FN:81,_RNvXCshnC0QD18xSX_12sererr_protoNtNtNtNtB2_3gen6sererr2v110StackFrameINtNtCsgEmfK2I1SDS_4core7convert4FromNtCsccjDwbQnrM8_6sererr10StackFrameE4from
FN:116,_RNvXs0_CshnC0QD18xSX_12sererr_protoNtNtNtNtB5_3gen6sererr2v113CapturedErrorINtNtCsgEmfK2I1SDS_4core7convert4FromNtCsccjDwbQnrM8_6sererr13CapturedErrorE4from
FN:129,_RNvXs1_CshnC0QD18xSX_12sererr_protoNtNtNtNtB5_3gen6google3rpc9DebugInfoINtNtCsgEmfK2I1SDS_4core7convert4FromNtCsccjDwbQnrM8_6sererr9DebugInfoE4from
FN:140,_RNvXs2_CshnC0QD18xSX_12sererr_protoNtCsccjDwbQnrM8_6sererr10StackFrameINtNtCsgEmfK2I1SDS_4core7convert4FromNtNtNtNtB5_3gen6sererr2v110StackFrameE4from
FN:158,_RNvXs3_CshnC0QD18xSX_12sererr_protoNtCsccjDwbQnrM8_6sererr18ExceptionMechanismINtNtCsgEmfK2I1SDS_4core7convert4FromNtNtNtNtB5_3gen6sererr2v118ExceptionMechanismE4from
FN:175,_RNvXs4_CshnC0QD18xSX_12sererr_protoNtCsccjDwbQnrM8_6sererr13CapturedErrorINtNtCsgEmfK2I1SDS_4core7convert4FromNtNtNtNtB5_3gen6sererr2v113CapturedErrorE4from
FN:188,_RNvXs5_CshnC0QD18xSX_12sererr_protoNtCsccjDwbQnrM8_6sererr9DebugInfoINtNtCsgEmfK2I1SDS_4core7convert4FromNtNtNtNtB5_3gen6google3rpc9DebugInfoE4from
FN:99,_RNvXs_CshnC0QD18xSX_12sererr_protoNtNtNtNtB4_3gen6sererr2v118ExceptionMechanismINtNtCsgEmfK2I1SDS_4core7convert4FromNtCsccjDwbQnrM8_6sererr18ExceptionMechanismE4from
FNDA:3,_RNvXs2_CsasEfp1hJOuw_12sererr_protoNtCsccjDwbQnrM8_6sererr10StackFrameINtNtCsgEmfK2I1SDS_4core7convert4FromNtNtNtNtB5_3gen6sererr2v110StackFrameE4from
FNDA:2,_RNvXs3_CsasEfp1hJOuw_12sererr_protoNtCsccjDwbQnrM8_6sererr18ExceptionMechanismINtNtCsgEmfK2I1SDS_4core7convert4FromNtNtNtNtB5_3gen6sererr2v118ExceptionMechanismE4from
FNDA:2,_RNvXs4_CsasEfp1hJOuw_12sererr_protoNtCsccjDwbQnrM8_6sererr13CapturedErrorINtNtCsgEmfK2I1SDS_4core7convert4FromNtNtNtNtB5_3gen6sererr2v113CapturedErrorE4from
FNDA:1,_RNvXs5_CsasEfp1hJOuw_12sererr_protoNtCsccjDwbQnrM8_6sererr9DebugInfoINtNtCsgEmfK2I1SDS_4core7convert4FromNtNtNtNtB5_3gen6google3rpc9DebugInfoE4from
FNDA:3,_RNvXCsasEfp1hJOuw_12sererr_protoNtNtNtNtB2_3gen6sererr2v110StackFrameINtNtCsgEmfK2I1SDS_4core7convert4FromNtCsccjDwbQnrM8_6sererr10StackFrameE4from
FNDA:2,_RNvXs0_CsasEfp1hJOuw_12sererr_protoNtNtNtNtB5_3gen6sererr2v113CapturedErrorINtNtCsgEmfK2I1SDS_4core7convert4FromNtCsccjDwbQnrM8_6sererr13CapturedErrorE4from
FNDA:2,_RNvXs_CsasEfp1hJOuw_12sererr_protoNtNtNtNtB4_3gen6sererr2v118ExceptionMechanismINtNtCsgEmfK2I1SDS_4core7convert4FromNtCsccjDwbQnrM8_6sererr18ExceptionMechanismE4from
FNDA:1,_RNvXs1_CsasEfp1hJOuw_12sererr_protoNtNtNtNtB5_3gen6google3rpc9DebugInfoINtNtCsgEmfK2I1SDS_4core7convert4FromNtCsccjDwbQnrM8_6sererr9DebugInfoE4from
FNDA:0,_RNvXCshnC0QD18xSX_12sererr_protoNtNtNtNtB2_3gen6sererr2v110StackFrameINtNtCsgEmfK2I1SDS_4core7convert4FromNtCsccjDwbQnrM8_6sererr10StackFrameE4from
FNDA:0,_RNvXs0_CshnC0QD18xSX_12sererr_protoNtNtNtNtB5_3gen6sererr2v113CapturedErrorINtNtCsgEmfK2I1SDS_4core7convert4FromNtCsccjDwbQnrM8_6sererr13CapturedErrorE4from
FNDA:0,_RNvXs1_CshnC0QD18xSX_12sererr_protoNtNtNtNtB5_3gen6google3rpc9DebugInfoINtNtCsgEmfK2I1SDS_4core7convert4FromNtCsccjDwbQnrM8_6sererr9DebugInfoE4from
FNDA:0,_RNvXs2_CshnC0QD18xSX_12sererr_protoNtCsccjDwbQnrM8_6sererr10StackFrameINtNtCsgEmfK2I1SDS_4core7convert4FromNtNtNtNtB5_3gen6sererr2v110StackFrameE4from
FNDA:0,_RNvXs3_CshnC0QD18xSX_12sererr_protoNtCsccjDwbQnrM8_6sererr18ExceptionMechanismINtNtCsgEmfK2I1SDS_4core7convert4FromNtNtNtNtB5_3gen6sererr2v118ExceptionMechanismE4from
FNDA:0,_RNvXs4_CshnC0QD18xSX_12sererr_protoNtCsccjDwbQnrM8_6sererr13CapturedErrorINtNtCsgEmfK2I1SDS_4core7convert4FromNtNtNtNtB5_3gen6sererr2v113CapturedErrorE4from
FNDA:0,_RNvXs5_CshnC0QD18xSX_12sererr_protoNtCsccjDwbQnrM8_6sererr9DebugInfoINtNtCsgEmfK2I1SDS_4core7convert4FromNtNtNtNtB5_3gen6google3rpc9DebugInfoE4from
FNDA:0,_RNvXs_CshnC0QD18xSX_12sererr_protoNtNtNtNtB4_3gen6sererr2v118ExceptionMechanismINtNtCsgEmfK2I1SDS_4core7convert4FromNtCsccjDwbQnrM8_6sererr18ExceptionMechanismE4from
FNF:8
FNH:8
DA:81,3
DA:82,3
DA:83,3
DA:84,3
DA:85,3
DA:86,3
DA:87,3
DA:88,3
DA:89,3
DA:90,3
DA:91,3
DA:92,3
DA:93,3
DA:94,3
DA:95,3
DA:99,2
DA:100,2
DA:101,2
DA:102,2
DA:103,2
DA:104,2
DA:105,2
DA:106,2
DA:107,2
DA:108,2
DA:109,2
DA:110,2
DA:111,2
DA:112,2
DA:116,2
DA:117,2
DA:118,2
DA:119,2
DA:120,2
DA:121,2
DA:122,2
DA:123,2
DA:124,2
DA:125,2
DA:129,1
DA:130,1
DA:131,1
DA:132,1
DA:133,1
DA:134,1
DA:140,3
DA:141,3
DA:142,3
DA:143,3
DA:144,3
DA:145,3
DA:146,3
DA:147,3
DA:148,3
DA:149,3
DA:150,3
DA:151,3
DA:152,3
DA:153,3
DA:154,3
DA:158,2
DA:159,2
DA:160,2
DA:161,2
DA:162,2
DA:163,2
DA:164,2
DA:165,2
DA:166,2
DA:167,2
DA:168,2
DA:169,2
DA:170,2
DA:171,2
DA:175,2
DA:176,2
DA:177,2
DA:178,2
DA:179,2
DA:180,2
DA:181,2
DA:182,2
DA:183,2
DA:184,2
DA:188,1
DA:189,1
DA:190,1
DA:191,1
DA:192,1
DA:193,1
BRF:0
BRH:0
LF:90
LH:90
end_of_record
SF:/workspace/packages/rust/sererr/src/lib.rs
FN:270,_RNvCsccjDwbQnrM8_6sererr12is_app_frame
FN:299,_RNvCsccjDwbQnrM8_6sererr13to_debug_info
FN:242,_RNvCsccjDwbQnrM8_6sererr14capture_frames
FN:332,_RNvCsccjDwbQnrM8_6sererr17format_frame_line
FN:201,_RNvCsccjDwbQnrM8_6sererr7capture
FN:287,_RNCNvCsccjDwbQnrM8_6sererr12is_app_frame0B3_
FN:248,_RNCNvCsccjDwbQnrM8_6sererr14capture_frames0B3_
FN:251,_RNCNvCsccjDwbQnrM8_6sererr14capture_framess_0B3_
FN:152,_RINvCsccjDwbQnrM8_6sererr23populate_source_contextINtCsa3H79W1CfkB_12sererr_flate19EmbedSourceProviderNtCseSnfnszg98d_10embed_test10TestSourceEEB1E_
FN:170,_RNCINvCsccjDwbQnrM8_6sererr23populate_source_contextINtCsa3H79W1CfkB_12sererr_flate19EmbedSourceProviderNtCseSnfnszg98d_10embed_test10TestSourceEE0B1G_
FN:172,_RNCINvCsccjDwbQnrM8_6sererr23populate_source_contextINtCsa3H79W1CfkB_12sererr_flate19EmbedSourceProviderNtCseSnfnszg98d_10embed_test10TestSourceEEs_0B1G_
FN:152,_RINvCse14VJZUh1Jh_6sererr23populate_source_contextpEB2_
FN:170,_RNCINvCse14VJZUh1Jh_6sererr23populate_source_contextpE0B4_
FN:172,_RNCINvCse14VJZUh1Jh_6sererr23populate_source_contextpEs_0B4_
FN:287,_RNCNvCse14VJZUh1Jh_6sererr12is_app_frame0B3_
FN:248,_RNCNvCse14VJZUh1Jh_6sererr14capture_frames0B3_
FN:251,_RNCNvCse14VJZUh1Jh_6sererr14capture_framess_0B3_
FN:270,_RNvCse14VJZUh1Jh_6sererr12is_app_frame
FN:299,_RNvCse14VJZUh1Jh_6sererr13to_debug_info
FN:242,_RNvCse14VJZUh1Jh_6sererr14capture_frames
FN:332,_RNvCse14VJZUh1Jh_6sererr17format_frame_line
FN:201,_RNvCse14VJZUh1Jh_6sererr7capture
FN:152,_RINvCsccjDwbQnrM8_6sererr23populate_source_contextNtCseAnTo60OkZv_20source_provider_test11MapProviderEBO_
FN:170,_RNCINvCsccjDwbQnrM8_6sererr23populate_source_contextNtCseAnTo60OkZv_20source_provider_test11MapProviderE0BQ_
FN:172,_RNCINvCsccjDwbQnrM8_6sererr23populate_source_contextNtCseAnTo60OkZv_20source_provider_test11MapProviderEs_0BQ_
FNDA:182,_RNvCsccjDwbQnrM8_6sererr12is_app_frame
FNDA:2,_RNvCsccjDwbQnrM8_6sererr13to_debug_info
FNDA:7,_RNvCsccjDwbQnrM8_6sererr14capture_frames
FNDA:52,_RNvCsccjDwbQnrM8_6sererr17format_frame_line
FNDA:7,_RNvCsccjDwbQnrM8_6sererr7capture
FNDA:2548,_RNCNvCsccjDwbQnrM8_6sererr12is_app_frame0B3_
FNDA:182,_RNCNvCsccjDwbQnrM8_6sererr14capture_frames0B3_
FNDA:175,_RNCNvCsccjDwbQnrM8_6sererr14capture_framess_0B3_
FNDA:1,_RINvCsccjDwbQnrM8_6sererr23populate_source_contextINtCsa3H79W1CfkB_12sererr_flate19EmbedSourceProviderNtCseSnfnszg98d_10embed_test10TestSourceEEB1E_
FNDA:2,_RNCINvCsccjDwbQnrM8_6sererr23populate_source_contextINtCsa3H79W1CfkB_12sererr_flate19EmbedSourceProviderNtCseSnfnszg98d_10embed_test10TestSourceEE0B1G_
FNDA:2,_RNCINvCsccjDwbQnrM8_6sererr23populate_source_contextINtCsa3H79W1CfkB_12sererr_flate19EmbedSourceProviderNtCseSnfnszg98d_10embed_test10TestSourceEEs_0B1G_
FNDA:0,_RINvCse14VJZUh1Jh_6sererr23populate_source_contextpEB2_
FNDA:0,_RNCINvCse14VJZUh1Jh_6sererr23populate_source_contextpE0B4_
FNDA:0,_RNCINvCse14VJZUh1Jh_6sererr23populate_source_contextpEs_0B4_
FNDA:0,_RNCNvCse14VJZUh1Jh_6sererr12is_app_frame0B3_
FNDA:0,_RNCNvCse14VJZUh1Jh_6sererr14capture_frames0B3_
FNDA:0,_RNCNvCse14VJZUh1Jh_6sererr14capture_framess_0B3_
FNDA:0,_RNvCse14VJZUh1Jh_6sererr12is_app_frame
FNDA:0,_RNvCse14VJZUh1Jh_6sererr13to_debug_info
FNDA:0,_RNvCse14VJZUh1Jh_6sererr14capture_frames
FNDA:0,_RNvCse14VJZUh1Jh_6sererr17format_frame_line
FNDA:0,_RNvCse14VJZUh1Jh_6sererr7capture
FNDA:5,_RINvCsccjDwbQnrM8_6sererr23populate_source_contextNtCseAnTo60OkZv_20source_provider_test11MapProviderEBO_
FNDA:2,_RNCINvCsccjDwbQnrM8_6sererr23populate_source_contextNtCseAnTo60OkZv_20source_provider_test11MapProviderE0BQ_
FNDA:7,_RNCINvCsccjDwbQnrM8_6sererr23populate_source_contextNtCseAnTo60OkZv_20source_provider_test11MapProviderEs_0BQ_
FNF:11
FNH:11
DA:152,6
DA:153,6
DA:154,6
DA:155,6
DA:156,6
DA:157,6
DA:158,1
DA:159,5
DA:160,5
DA:161,1
DA:163,4
DA:164,4
DA:165,4
DA:166,1
DA:167,3
DA:168,3
DA:169,3
DA:170,4
DA:171,3
DA:172,9
DA:173,6
DA:201,7
DA:202,7
DA:203,7
DA:204,7
DA:205,7
DA:206,7
DA:207,7
DA:209,7
DA:210,7
DA:211,7
DA:212,18
DA:213,11
DA:214,11
DA:215,11
DA:216,11
DA:217,11
DA:218,11
DA:219,11
DA:220,11
DA:221,11
DA:222,11
DA:223,11
DA:224,11
DA:225,11
DA:226,11
DA:227,7
DA:229,11
DA:230,11
DA:231,11
DA:232,11
DA:233,0
DA:235,7
DA:236,7
DA:242,7
DA:243,7
DA:245,7
DA:246,91
DA:247,182
DA:248,182
DA:249,182
DA:250,182
DA:251,182
DA:252,182
DA:253,182
DA:254,182
DA:256,182
DA:257,182
DA:258,182
DA:259,182
DA:260,182
DA:261,182
DA:262,182
DA:265,7
DA:266,7
DA:270,182
DA:287,2548
DA:288,182
DA:299,2
DA:300,2
DA:301,1
DA:302,1
DA:304,1
DA:305,1
DA:307,2
DA:308,2
DA:309,2
DA:310,1
DA:312,1
DA:315,2
DA:316,1
DA:317,1
DA:318,1
DA:319,1
DA:321,52
DA:322,52
DA:323,52
DA:326,1
DA:327,1
DA:328,1
DA:329,1
DA:330,2
DA:332,52
DA:333,52
DA:334,2
DA:335,50
DA:336,50
DA:338,0
DA:340,52
DA:341,0
DA:343,52
DA:345,52
DA:346,52
BRF:0
BRH:0
LF:118
LH:115
end_of_record